<?xml version="1.0" encoding="utf-8"?><testsuites name="pytest tests"><testsuite name="pytest" errors="0" failures="0" skipped="0" tests="9" time="2.153" timestamp="2026-05-21T19:36:56.591599+00:00" hostname="agent-env-f5d3ada9-b1d3-4139-a8f5-dbd51eb9afea"><testcase classname="backend.tests.test_iter3_reminders_custom.TestDueDateValidation" name="test_invalid_due_date_feb_31_rejected" time="0.545" /><testcase classname="backend.tests.test_iter3_reminders_custom.TestDueDateValidation" name="test_valid_due_date_mar_31_accepted_and_round_trips" time="0.147" /><testcase classname="backend.tests.test_iter3_reminders_custom.TestProfileNotifications" name="test_update_profile_phone_normalization" time="0.151" /><testcase classname="backend.tests.test_iter3_reminders_custom.TestProfileNotifications" name="test_update_profile_toggle_off" time="0.079" /><testcase classname="backend.tests.test_iter3_reminders_custom.TestReminderTest" name="test_reminders_test_noop_when_keys_missing" time="0.147" /><testcase classname="backend.tests.test_iter3_reminders_custom.TestReminderTest" name="test_reminders_test_does_not_500" time="0.107" /><testcase classname="backend.tests.test_iter3_reminders_custom.TestCustomStrategy" name="test_custom_with_per_debt_extra_differs" time="0.632" /><testcase classname="backend.tests.test_iter3_reminders_custom.TestCustomStrategy" name="test_custom_strategy_response_structure" time="0.147" /><testcase classname="backend.tests.test_iter3_reminders_custom.TestServerHealth" name="test_root_alive" time="0.118" /></testsuite></testsuites>