<?xml version="1.0" encoding="utf-8"?><testsuites name="pytest tests"><testsuite name="pytest" errors="0" failures="1" skipped="0" tests="14" time="3.685" timestamp="2026-05-21T18:48:36.956728+00:00" hostname="agent-env-f5d3ada9-b1d3-4139-a8f5-dbd51eb9afea"><testcase classname="backend.tests.test_subscription_and_debts_v2.TestDebtDueDate" name="test_create_debt_with_due_date_day_31" time="0.560" /><testcase classname="backend.tests.test_subscription_and_debts_v2.TestDebtDueDate" name="test_create_debt_with_due_date_day_30" time="0.077" /><testcase classname="backend.tests.test_subscription_and_debts_v2.TestDebtDueDate" name="test_update_debt_due_date" time="0.208" /><testcase classname="backend.tests.test_subscription_and_debts_v2.TestDebtDueDate" name="test_reminders_use_due_date" time="0.079" /><testcase classname="backend.tests.test_subscription_and_debts_v2.TestFreeLimitGate" name="test_demo_user_has_3_debts_and_is_free" time="0.551" /><testcase classname="backend.tests.test_subscription_and_debts_v2.TestFreeLimitGate" name="test_demo_user_4th_debt_returns_402" time="0.068" /><testcase classname="backend.tests.test_subscription_and_debts_v2.TestProfile" name="test_update_profile_name" time="0.138" /><testcase classname="backend.tests.test_subscription_and_debts_v2.TestSubscription" name="test_subscription_plans" time="0.067" /><testcase classname="backend.tests.test_subscription_and_debts_v2.TestSubscription" name="test_subscription_me_initial" time="0.080" /><testcase classname="backend.tests.test_subscription_and_debts_v2.TestSubscription" name="test_checkout_monthly_returns_stripe_url" time="0.931"><failure message="AssertionError: Internal Server Error&#10;assert 500 == 200&#10; +  where 500 = &lt;Response [500]&gt;.status_code">backend/tests/test_subscription_and_debts_v2.py:192: in test_checkout_monthly_returns_stripe_url
    assert rs.status_code == 200, rs.text
E   AssertionError: Internal Server Error
E   assert 500 == 200
E    +  where 500 = &lt;Response [500]&gt;.status_code</failure></testcase><testcase classname="backend.tests.test_subscription_and_debts_v2.TestSubscription" name="test_checkout_annual_returns_stripe_url" time="0.490" /><testcase classname="backend.tests.test_subscription_and_debts_v2.TestSubscription" name="test_checkout_invalid_package" time="0.078" /><testcase classname="backend.tests.test_subscription_and_debts_v2.TestSubscription" name="test_cancel_subscription" time="0.138" /><testcase classname="backend.tests.test_subscription_and_debts_v2.TestWebhook" name="test_webhook_endpoint_exists" time="0.120" /></testsuite></testsuites>