<?xml version="1.0" encoding="utf-8"?><testsuites name="pytest tests"><testsuite name="pytest" errors="0" failures="2" skipped="0" tests="47" time="12.028" timestamp="2026-05-21T19:37:04.074752+00:00" hostname="agent-env-f5d3ada9-b1d3-4139-a8f5-dbd51eb9afea"><testcase classname="backend.tests.test_debtwise_api" name="test_health_root" time="0.197" /><testcase classname="backend.tests.test_debtwise_api.TestAuth" name="test_register_sets_cookies" time="0.445" /><testcase classname="backend.tests.test_debtwise_api.TestAuth" name="test_register_duplicate_email_400" time="0.079" /><testcase classname="backend.tests.test_debtwise_api.TestAuth" name="test_me_returns_user" time="0.084" /><testcase classname="backend.tests.test_debtwise_api.TestAuth" name="test_me_unauthorized_without_cookies" time="0.128" /><testcase classname="backend.tests.test_debtwise_api.TestAuth" name="test_login_success" time="0.398" /><testcase classname="backend.tests.test_debtwise_api.TestAuth" name="test_login_invalid_credentials_401" time="0.128" /><testcase classname="backend.tests.test_debtwise_api.TestAuth" name="test_logout_clears_cookies" time="0.498" /><testcase classname="backend.tests.test_debtwise_api.TestAuth" name="test_emergent_session_invalid_returns_401" time="0.365" /><testcase classname="backend.tests.test_debtwise_api.TestAuth" name="test_emergent_session_missing_field_422" time="0.154" /><testcase classname="backend.tests.test_debtwise_api.TestAuth" name="test_brute_force_lockout" time="1.833" /><testcase classname="backend.tests.test_debtwise_api.TestDebts" name="test_list_debts_requires_auth" time="0.125" /><testcase classname="backend.tests.test_debtwise_api.TestDebts" name="test_create_list_update_delete" time="0.601" /><testcase classname="backend.tests.test_debtwise_api.TestDebts" name="test_update_nonexistent_404" time="0.052" /><testcase classname="backend.tests.test_debtwise_api.TestDebts" name="test_delete_nonexistent_404" time="0.053" /><testcase classname="backend.tests.test_debtwise_api.TestDebts" name="test_validation_negative_balance" time="0.049" /><testcase classname="backend.tests.test_debtwise_api.TestDebts" name="test_user_scoped" time="0.616" /><testcase classname="backend.tests.test_debtwise_api.TestStrategies" name="test_calculate_avalanche" time="0.206" /><testcase classname="backend.tests.test_debtwise_api.TestStrategies" name="test_calculate_snowball" time="0.054" /><testcase classname="backend.tests.test_debtwise_api.TestStrategies" name="test_calculate_highest_payment" time="0.051" /><testcase classname="backend.tests.test_debtwise_api.TestStrategies" name="test_calculate_custom" time="0.051" /><testcase classname="backend.tests.test_debtwise_api.TestStrategies" name="test_avalanche_less_interest_than_min_only" time="0.108" /><testcase classname="backend.tests.test_debtwise_api.TestStrategies" name="test_compare" time="0.053" /><testcase classname="backend.tests.test_debtwise_api.TestReminders" name="test_upcoming_returns_sorted" time="0.219"><failure message="AssertionError: assert False&#10; +  where False = &lt;built-in method issubset of set object at 0xfdf6eb857760&gt;(set())&#10; +    where &lt;built-in method issubset of set object at 0xfdf6eb857760&gt; = {'TEST_CC1', 'TEST_CC2', 'TEST_Car'}.issubset">E   AssertionError: assert False
     +  where False = &lt;built-in method issubset of set object at 0xfdf6eb857760&gt;(set())
     +    where &lt;built-in method issubset of set object at 0xfdf6eb857760&gt; = {'TEST_CC1', 'TEST_CC2', 'TEST_Car'}.issubset</failure></testcase><testcase classname="backend.tests.test_iter3_reminders_custom.TestDueDateValidation" name="test_invalid_due_date_feb_31_rejected" time="0.501" /><testcase classname="backend.tests.test_iter3_reminders_custom.TestDueDateValidation" name="test_valid_due_date_mar_31_accepted_and_round_trips" time="0.142" /><testcase classname="backend.tests.test_iter3_reminders_custom.TestProfileNotifications" name="test_update_profile_phone_normalization" time="0.151" /><testcase classname="backend.tests.test_iter3_reminders_custom.TestProfileNotifications" name="test_update_profile_toggle_off" time="0.069" /><testcase classname="backend.tests.test_iter3_reminders_custom.TestReminderTest" name="test_reminders_test_noop_when_keys_missing" time="0.162" /><testcase classname="backend.tests.test_iter3_reminders_custom.TestReminderTest" name="test_reminders_test_does_not_500" time="0.070" /><testcase classname="backend.tests.test_iter3_reminders_custom.TestCustomStrategy" name="test_custom_with_per_debt_extra_differs" time="0.623" /><testcase classname="backend.tests.test_iter3_reminders_custom.TestCustomStrategy" name="test_custom_strategy_response_structure" time="0.128" /><testcase classname="backend.tests.test_iter3_reminders_custom.TestServerHealth" name="test_root_alive" time="0.128" /><testcase classname="backend.tests.test_subscription_and_debts_v2.TestDebtDueDate" name="test_create_debt_with_due_date_day_31" time="0.518" /><testcase classname="backend.tests.test_subscription_and_debts_v2.TestDebtDueDate" name="test_create_debt_with_due_date_day_30" time="0.074" /><testcase classname="backend.tests.test_subscription_and_debts_v2.TestDebtDueDate" name="test_update_debt_due_date" time="0.213" /><testcase classname="backend.tests.test_subscription_and_debts_v2.TestDebtDueDate" name="test_reminders_use_due_date" time="0.073" /><testcase classname="backend.tests.test_subscription_and_debts_v2.TestFreeLimitGate" name="test_demo_user_has_3_debts_and_is_free" time="0.526" /><testcase classname="backend.tests.test_subscription_and_debts_v2.TestFreeLimitGate" name="test_demo_user_4th_debt_returns_402" time="0.082" /><testcase classname="backend.tests.test_subscription_and_debts_v2.TestProfile" name="test_update_profile_name" time="0.140" /><testcase classname="backend.tests.test_subscription_and_debts_v2.TestSubscription" name="test_subscription_plans" time="0.070" /><testcase classname="backend.tests.test_subscription_and_debts_v2.TestSubscription" name="test_subscription_me_initial" time="0.079" /><testcase classname="backend.tests.test_subscription_and_debts_v2.TestSubscription" name="test_checkout_monthly_returns_stripe_url" time="0.812"><failure message="AssertionError: assert 'initiated' in ('unpaid', 'paid', 'no_payment_required')">E   AssertionError: assert 'initiated' in ('unpaid', 'paid', 'no_payment_required')</failure></testcase><testcase classname="backend.tests.test_subscription_and_debts_v2.TestSubscription" name="test_checkout_annual_returns_stripe_url" time="0.463" /><testcase classname="backend.tests.test_subscription_and_debts_v2.TestSubscription" name="test_checkout_invalid_package" time="0.073" /><testcase classname="backend.tests.test_subscription_and_debts_v2.TestSubscription" name="test_cancel_subscription" time="0.144" /><testcase classname="backend.tests.test_subscription_and_debts_v2.TestWebhook" name="test_webhook_endpoint_exists" time="0.151" /></testsuite></testsuites>