<?xml version="1.0" encoding="utf-8"?><testsuites name="pytest tests"><testsuite name="pytest" errors="0" failures="0" skipped="0" tests="24" time="7.721" timestamp="2026-05-21T18:21:11.955493+00:00" hostname="agent-env-f5d3ada9-b1d3-4139-a8f5-dbd51eb9afea"><testcase classname="backend.tests.test_debtwise_api" name="test_health_root" time="0.168" /><testcase classname="backend.tests.test_debtwise_api.TestAuth" name="test_register_sets_cookies" time="0.348" /><testcase classname="backend.tests.test_debtwise_api.TestAuth" name="test_register_duplicate_email_400" time="0.073" /><testcase classname="backend.tests.test_debtwise_api.TestAuth" name="test_me_returns_user" time="0.077" /><testcase classname="backend.tests.test_debtwise_api.TestAuth" name="test_me_unauthorized_without_cookies" time="0.229" /><testcase classname="backend.tests.test_debtwise_api.TestAuth" name="test_login_success" time="0.429" /><testcase classname="backend.tests.test_debtwise_api.TestAuth" name="test_login_invalid_credentials_401" time="0.136" /><testcase classname="backend.tests.test_debtwise_api.TestAuth" name="test_logout_clears_cookies" time="0.494" /><testcase classname="backend.tests.test_debtwise_api.TestAuth" name="test_emergent_session_invalid_returns_401" time="0.260" /><testcase classname="backend.tests.test_debtwise_api.TestAuth" name="test_emergent_session_missing_field_422" time="0.128" /><testcase classname="backend.tests.test_debtwise_api.TestAuth" name="test_brute_force_lockout" time="2.195" /><testcase classname="backend.tests.test_debtwise_api.TestDebts" name="test_list_debts_requires_auth" time="0.146" /><testcase classname="backend.tests.test_debtwise_api.TestDebts" name="test_create_list_update_delete" time="0.859" /><testcase classname="backend.tests.test_debtwise_api.TestDebts" name="test_update_nonexistent_404" time="0.082" /><testcase classname="backend.tests.test_debtwise_api.TestDebts" name="test_delete_nonexistent_404" time="0.078" /><testcase classname="backend.tests.test_debtwise_api.TestDebts" name="test_validation_negative_balance" time="0.079" /><testcase classname="backend.tests.test_debtwise_api.TestDebts" name="test_user_scoped" time="0.688" /><testcase classname="backend.tests.test_debtwise_api.TestStrategies" name="test_calculate_avalanche" time="0.335" /><testcase classname="backend.tests.test_debtwise_api.TestStrategies" name="test_calculate_snowball" time="0.084" /><testcase classname="backend.tests.test_debtwise_api.TestStrategies" name="test_calculate_highest_payment" time="0.082" /><testcase classname="backend.tests.test_debtwise_api.TestStrategies" name="test_calculate_custom" time="0.082" /><testcase classname="backend.tests.test_debtwise_api.TestStrategies" name="test_avalanche_less_interest_than_min_only" time="0.161" /><testcase classname="backend.tests.test_debtwise_api.TestStrategies" name="test_compare" time="0.083" /><testcase classname="backend.tests.test_debtwise_api.TestReminders" name="test_upcoming_returns_sorted" time="0.326" /></testsuite></testsuites>