<?xml version="1.0" encoding="utf-8"?><testsuites name="pytest tests"><testsuite name="pytest" errors="0" failures="2" skipped="0" tests="38" time="11.467" timestamp="2026-05-21T18:51:02.569693+00:00" hostname="agent-env-f5d3ada9-b1d3-4139-a8f5-dbd51eb9afea"><testcase classname="backend.tests.test_debtwise_api" name="test_health_root" time="0.169" /><testcase classname="backend.tests.test_debtwise_api.TestAuth" name="test_register_sets_cookies" time="0.374" /><testcase classname="backend.tests.test_debtwise_api.TestAuth" name="test_register_duplicate_email_400" time="0.054" /><testcase classname="backend.tests.test_debtwise_api.TestAuth" name="test_me_returns_user" time="0.054" /><testcase classname="backend.tests.test_debtwise_api.TestAuth" name="test_me_unauthorized_without_cookies" time="0.218" /><testcase classname="backend.tests.test_debtwise_api.TestAuth" name="test_login_success" time="0.455" /><testcase classname="backend.tests.test_debtwise_api.TestAuth" name="test_login_invalid_credentials_401" time="0.158" /><testcase classname="backend.tests.test_debtwise_api.TestAuth" name="test_logout_clears_cookies" time="0.543" /><testcase classname="backend.tests.test_debtwise_api.TestAuth" name="test_emergent_session_invalid_returns_401" time="0.272" /><testcase classname="backend.tests.test_debtwise_api.TestAuth" name="test_emergent_session_missing_field_422" time="0.164" /><testcase classname="backend.tests.test_debtwise_api.TestAuth" name="test_brute_force_lockout" time="2.028" /><testcase classname="backend.tests.test_debtwise_api.TestDebts" name="test_list_debts_requires_auth" time="0.132" /><testcase classname="backend.tests.test_debtwise_api.TestDebts" name="test_create_list_update_delete" time="0.592" /><testcase classname="backend.tests.test_debtwise_api.TestDebts" name="test_update_nonexistent_404" time="0.713" /><testcase classname="backend.tests.test_debtwise_api.TestDebts" name="test_delete_nonexistent_404" time="0.051" /><testcase classname="backend.tests.test_debtwise_api.TestDebts" name="test_validation_negative_balance" time="0.121" /><testcase classname="backend.tests.test_debtwise_api.TestDebts" name="test_user_scoped" time="0.699" /><testcase classname="backend.tests.test_debtwise_api.TestStrategies" name="test_calculate_avalanche" time="0.463" /><testcase classname="backend.tests.test_debtwise_api.TestStrategies" name="test_calculate_snowball" time="0.051" /><testcase classname="backend.tests.test_debtwise_api.TestStrategies" name="test_calculate_highest_payment" time="0.056" /><testcase classname="backend.tests.test_debtwise_api.TestStrategies" name="test_calculate_custom" time="0.054" /><testcase classname="backend.tests.test_debtwise_api.TestStrategies" name="test_avalanche_less_interest_than_min_only" time="0.106" /><testcase classname="backend.tests.test_debtwise_api.TestStrategies" name="test_compare" time="0.051" /><testcase classname="backend.tests.test_debtwise_api.TestReminders" name="test_upcoming_returns_sorted" time="0.206"><failure message="AssertionError: assert False&#10; +  where False = &lt;built-in method issubset of set object at 0xff10dfc7ef80&gt;(set())&#10; +    where &lt;built-in method issubset of set object at 0xff10dfc7ef80&gt; = {'TEST_CC1', 'TEST_CC2', 'TEST_Car'}.issubset">E   AssertionError: assert False
     +  where False = &lt;built-in method issubset of set object at 0xff10dfc7ef80&gt;(set())
     +    where &lt;built-in method issubset of set object at 0xff10dfc7ef80&gt; = {'TEST_CC1', 'TEST_CC2', 'TEST_Car'}.issubset</failure></testcase><testcase classname="backend.tests.test_subscription_and_debts_v2.TestDebtDueDate" name="test_create_debt_with_due_date_day_31" time="0.452" /><testcase classname="backend.tests.test_subscription_and_debts_v2.TestDebtDueDate" name="test_create_debt_with_due_date_day_30" time="0.058" /><testcase classname="backend.tests.test_subscription_and_debts_v2.TestDebtDueDate" name="test_update_debt_due_date" time="0.174" /><testcase classname="backend.tests.test_subscription_and_debts_v2.TestDebtDueDate" name="test_reminders_use_due_date" time="0.066" /><testcase classname="backend.tests.test_subscription_and_debts_v2.TestFreeLimitGate" name="test_demo_user_has_3_debts_and_is_free" time="0.437" /><testcase classname="backend.tests.test_subscription_and_debts_v2.TestFreeLimitGate" name="test_demo_user_4th_debt_returns_402" time="0.054" /><testcase classname="backend.tests.test_subscription_and_debts_v2.TestProfile" name="test_update_profile_name" time="0.115" /><testcase classname="backend.tests.test_subscription_and_debts_v2.TestSubscription" name="test_subscription_plans" time="0.057" /><testcase classname="backend.tests.test_subscription_and_debts_v2.TestSubscription" name="test_subscription_me_initial" time="0.092" /><testcase classname="backend.tests.test_subscription_and_debts_v2.TestSubscription" name="test_checkout_monthly_returns_stripe_url" time="1.344"><failure message="AssertionError: Internal Server Error&#10;assert 500 == 200&#10; +  where 500 = &lt;Response [500]&gt;.status_code">E   AssertionError: Internal Server Error
    assert 500 == 200
     +  where 500 = &lt;Response [500]&gt;.status_code</failure></testcase><testcase classname="backend.tests.test_subscription_and_debts_v2.TestSubscription" name="test_checkout_annual_returns_stripe_url" time="0.438" /><testcase classname="backend.tests.test_subscription_and_debts_v2.TestSubscription" name="test_checkout_invalid_package" time="0.059" /><testcase classname="backend.tests.test_subscription_and_debts_v2.TestSubscription" name="test_cancel_subscription" time="0.112" /><testcase classname="backend.tests.test_subscription_and_debts_v2.TestWebhook" name="test_webhook_endpoint_exists" time="0.138" /></testsuite></testsuites>